type test = | A | B | C | D

let int_of_test = function | A -> 0 | B -> 0x1 | C -> 0o2 | D -> 0b11
  
let string_of_test = function | A -> "A" | B -> "B" | C -> "C" | D -> "D"
  
let test_of_int ?history:(history = []) =
  function
  | 0 -> A
  | 0x1 -> B
  | 0o2 -> C
  | 0b11 -> D
  | i -> Parsifal.value_not_in_enum "test" i history
  
let test_of_string =
  function
  | "A" -> A
  | "B" -> B
  | "C" -> C
  | "D" -> D
  | s -> test_of_int (int_of_string s)
  
let parse_test input = test_of_int (BasePTypes.parse_uint8 input)
  
let dump_test buf test = BasePTypes.dump_uint8 buf (int_of_test test)
  
let value_of_test test =
  Parsifal.value_of_enum string_of_test int_of_test 8 Parsifal.BigEndian test
  

