type test = | A | B | C

let int_of_test = function | A -> 0 | B -> 1 | C -> 2
  
let string_of_test = function | A -> "A" | B -> "B" | C -> "C"
  
let test_of_int ?history:(history = []) =
  function
  | 0 -> A
  | 3 -> A
  | 1 -> B
  | 2 -> C
  | i -> Parsifal.value_not_in_enum "test" i history
  
let test_of_string =
  function
  | "A" -> A
  | "B" -> B
  | "C" -> C
  | s -> test_of_int (int_of_string s)
  
let parse_test input = test_of_int (BasePTypes.parse_uint8 input)
  
let dump_test buf test = BasePTypes.dump_uint8 buf (int_of_test test)
  
let value_of_test test =
  Parsifal.value_of_enum string_of_test int_of_test 8 Parsifal.BigEndian test
  

