type test =
  | C1
  | C2
  | C3
  | C4
  | C5
  | C6
  | C7
  | C8
  | C9
  | C10
  | C11
  | C12
  | C13
  | C14
  | C15
  | C16
  | C17
  | C18
  | C19
  | C20
  | C21
  | C22
  | C23
  | C24
  | C25
  | C26
  | C27
  | C28
  | C29
  | C30
  | C31
  | C32
  | C33
  | C34
  | C35
  | C36
  | C37
  | C38
  | C39
  | C40
  | C41
  | C42
  | C43
  | C44
  | C45
  | C46
  | C47
  | C48
  | C49
  | C50
  | C51
  | C52
  | C53
  | C54
  | C55
  | C56
  | C57
  | C58
  | C59
  | C60
  | C61
  | C62
  | C63
  | C64
  | C65
  | C66
  | C67
  | C68
  | C69
  | C70
  | C71
  | C72
  | C73
  | C74
  | C75
  | C76
  | C77
  | C78
  | C79
  | C80
  | C81
  | C82
  | C83
  | C84
  | C85
  | C86
  | C87
  | C88
  | C89
  | C90
  | C91
  | C92
  | C93
  | C94
  | C95
  | C96
  | C97
  | C98
  | C99
  | C100
  | C101
  | C102
  | C103
  | C104
  | C105
  | C106
  | C107
  | C108
  | C109
  | C110
  | C111
  | C112
  | C113
  | C114
  | C115
  | C116
  | C117
  | C118
  | C119
  | C120
  | C121
  | C122
  | C123
  | C124
  | C125
  | C126
  | C127
  | C128
  | C129
  | C130
  | C131
  | C132
  | C133
  | C134
  | C135
  | C136
  | C137
  | C138
  | C139
  | C140
  | C141
  | C142
  | C143
  | C144
  | C145
  | C146
  | C147
  | C148
  | C149
  | C150
  | C151
  | C152
  | C153
  | C154
  | C155
  | C156
  | C157
  | C158
  | C159
  | C160
  | C161
  | C162
  | C163
  | C164
  | C165
  | C166
  | C167
  | C168
  | C169
  | C170
  | C171
  | C172
  | C173
  | C174
  | C175
  | C176
  | C177
  | C178
  | C179
  | C180
  | C181
  | C182
  | C183
  | C184
  | C185
  | C186
  | C187
  | C188
  | C189
  | C190
  | C191
  | C192
  | C193
  | C194
  | C195
  | C196
  | C197
  | C198
  | C199
  | C200

let int_of_test =
  function
  | C1 -> 1
  | C2 -> 2
  | C3 -> 3
  | C4 -> 4
  | C5 -> 5
  | C6 -> 6
  | C7 -> 7
  | C8 -> 8
  | C9 -> 9
  | C10 -> 10
  | C11 -> 11
  | C12 -> 12
  | C13 -> 13
  | C14 -> 14
  | C15 -> 15
  | C16 -> 16
  | C17 -> 17
  | C18 -> 18
  | C19 -> 19
  | C20 -> 20
  | C21 -> 21
  | C22 -> 22
  | C23 -> 23
  | C24 -> 24
  | C25 -> 25
  | C26 -> 26
  | C27 -> 27
  | C28 -> 28
  | C29 -> 29
  | C30 -> 30
  | C31 -> 31
  | C32 -> 32
  | C33 -> 33
  | C34 -> 34
  | C35 -> 35
  | C36 -> 36
  | C37 -> 37
  | C38 -> 38
  | C39 -> 39
  | C40 -> 40
  | C41 -> 41
  | C42 -> 42
  | C43 -> 43
  | C44 -> 44
  | C45 -> 45
  | C46 -> 46
  | C47 -> 47
  | C48 -> 48
  | C49 -> 49
  | C50 -> 50
  | C51 -> 51
  | C52 -> 52
  | C53 -> 53
  | C54 -> 54
  | C55 -> 55
  | C56 -> 56
  | C57 -> 57
  | C58 -> 58
  | C59 -> 59
  | C60 -> 60
  | C61 -> 61
  | C62 -> 62
  | C63 -> 63
  | C64 -> 64
  | C65 -> 65
  | C66 -> 66
  | C67 -> 67
  | C68 -> 68
  | C69 -> 69
  | C70 -> 70
  | C71 -> 71
  | C72 -> 72
  | C73 -> 73
  | C74 -> 74
  | C75 -> 75
  | C76 -> 76
  | C77 -> 77
  | C78 -> 78
  | C79 -> 79
  | C80 -> 80
  | C81 -> 81
  | C82 -> 82
  | C83 -> 83
  | C84 -> 84
  | C85 -> 85
  | C86 -> 86
  | C87 -> 87
  | C88 -> 88
  | C89 -> 89
  | C90 -> 90
  | C91 -> 91
  | C92 -> 92
  | C93 -> 93
  | C94 -> 94
  | C95 -> 95
  | C96 -> 96
  | C97 -> 97
  | C98 -> 98
  | C99 -> 99
  | C100 -> 100
  | C101 -> 101
  | C102 -> 102
  | C103 -> 103
  | C104 -> 104
  | C105 -> 105
  | C106 -> 106
  | C107 -> 107
  | C108 -> 108
  | C109 -> 109
  | C110 -> 110
  | C111 -> 111
  | C112 -> 112
  | C113 -> 113
  | C114 -> 114
  | C115 -> 115
  | C116 -> 116
  | C117 -> 117
  | C118 -> 118
  | C119 -> 119
  | C120 -> 120
  | C121 -> 121
  | C122 -> 122
  | C123 -> 123
  | C124 -> 124
  | C125 -> 125
  | C126 -> 126
  | C127 -> 127
  | C128 -> 128
  | C129 -> 129
  | C130 -> 130
  | C131 -> 131
  | C132 -> 132
  | C133 -> 133
  | C134 -> 134
  | C135 -> 135
  | C136 -> 136
  | C137 -> 137
  | C138 -> 138
  | C139 -> 139
  | C140 -> 140
  | C141 -> 141
  | C142 -> 142
  | C143 -> 143
  | C144 -> 144
  | C145 -> 145
  | C146 -> 146
  | C147 -> 147
  | C148 -> 148
  | C149 -> 149
  | C150 -> 150
  | C151 -> 151
  | C152 -> 152
  | C153 -> 153
  | C154 -> 154
  | C155 -> 155
  | C156 -> 156
  | C157 -> 157
  | C158 -> 158
  | C159 -> 159
  | C160 -> 160
  | C161 -> 161
  | C162 -> 162
  | C163 -> 163
  | C164 -> 164
  | C165 -> 165
  | C166 -> 166
  | C167 -> 167
  | C168 -> 168
  | C169 -> 169
  | C170 -> 170
  | C171 -> 171
  | C172 -> 172
  | C173 -> 173
  | C174 -> 174
  | C175 -> 175
  | C176 -> 176
  | C177 -> 177
  | C178 -> 178
  | C179 -> 179
  | C180 -> 180
  | C181 -> 181
  | C182 -> 182
  | C183 -> 183
  | C184 -> 184
  | C185 -> 185
  | C186 -> 186
  | C187 -> 187
  | C188 -> 188
  | C189 -> 189
  | C190 -> 190
  | C191 -> 191
  | C192 -> 192
  | C193 -> 193
  | C194 -> 194
  | C195 -> 195
  | C196 -> 196
  | C197 -> 197
  | C198 -> 198
  | C199 -> 199
  | C200 -> 200
  
let string_of_test =
  function
  | C1 -> "C1"
  | C2 -> "C2"
  | C3 -> "C3"
  | C4 -> "C4"
  | C5 -> "C5"
  | C6 -> "C6"
  | C7 -> "C7"
  | C8 -> "C8"
  | C9 -> "C9"
  | C10 -> "C10"
  | C11 -> "C11"
  | C12 -> "C12"
  | C13 -> "C13"
  | C14 -> "C14"
  | C15 -> "C15"
  | C16 -> "C16"
  | C17 -> "C17"
  | C18 -> "C18"
  | C19 -> "C19"
  | C20 -> "C20"
  | C21 -> "C21"
  | C22 -> "C22"
  | C23 -> "C23"
  | C24 -> "C24"
  | C25 -> "C25"
  | C26 -> "C26"
  | C27 -> "C27"
  | C28 -> "C28"
  | C29 -> "C29"
  | C30 -> "C30"
  | C31 -> "C31"
  | C32 -> "C32"
  | C33 -> "C33"
  | C34 -> "C34"
  | C35 -> "C35"
  | C36 -> "C36"
  | C37 -> "C37"
  | C38 -> "C38"
  | C39 -> "C39"
  | C40 -> "C40"
  | C41 -> "C41"
  | C42 -> "C42"
  | C43 -> "C43"
  | C44 -> "C44"
  | C45 -> "C45"
  | C46 -> "C46"
  | C47 -> "C47"
  | C48 -> "C48"
  | C49 -> "C49"
  | C50 -> "C50"
  | C51 -> "C51"
  | C52 -> "C52"
  | C53 -> "C53"
  | C54 -> "C54"
  | C55 -> "C55"
  | C56 -> "C56"
  | C57 -> "C57"
  | C58 -> "C58"
  | C59 -> "C59"
  | C60 -> "C60"
  | C61 -> "C61"
  | C62 -> "C62"
  | C63 -> "C63"
  | C64 -> "C64"
  | C65 -> "C65"
  | C66 -> "C66"
  | C67 -> "C67"
  | C68 -> "C68"
  | C69 -> "C69"
  | C70 -> "C70"
  | C71 -> "C71"
  | C72 -> "C72"
  | C73 -> "C73"
  | C74 -> "C74"
  | C75 -> "C75"
  | C76 -> "C76"
  | C77 -> "C77"
  | C78 -> "C78"
  | C79 -> "C79"
  | C80 -> "C80"
  | C81 -> "C81"
  | C82 -> "C82"
  | C83 -> "C83"
  | C84 -> "C84"
  | C85 -> "C85"
  | C86 -> "C86"
  | C87 -> "C87"
  | C88 -> "C88"
  | C89 -> "C89"
  | C90 -> "C90"
  | C91 -> "C91"
  | C92 -> "C92"
  | C93 -> "C93"
  | C94 -> "C94"
  | C95 -> "C95"
  | C96 -> "C96"
  | C97 -> "C97"
  | C98 -> "C98"
  | C99 -> "C99"
  | C100 -> "C100"
  | C101 -> "C101"
  | C102 -> "C102"
  | C103 -> "C103"
  | C104 -> "C104"
  | C105 -> "C105"
  | C106 -> "C106"
  | C107 -> "C107"
  | C108 -> "C108"
  | C109 -> "C109"
  | C110 -> "C110"
  | C111 -> "C111"
  | C112 -> "C112"
  | C113 -> "C113"
  | C114 -> "C114"
  | C115 -> "C115"
  | C116 -> "C116"
  | C117 -> "C117"
  | C118 -> "C118"
  | C119 -> "C119"
  | C120 -> "C120"
  | C121 -> "C121"
  | C122 -> "C122"
  | C123 -> "C123"
  | C124 -> "C124"
  | C125 -> "C125"
  | C126 -> "C126"
  | C127 -> "C127"
  | C128 -> "C128"
  | C129 -> "C129"
  | C130 -> "C130"
  | C131 -> "C131"
  | C132 -> "C132"
  | C133 -> "C133"
  | C134 -> "C134"
  | C135 -> "C135"
  | C136 -> "C136"
  | C137 -> "C137"
  | C138 -> "C138"
  | C139 -> "C139"
  | C140 -> "C140"
  | C141 -> "C141"
  | C142 -> "C142"
  | C143 -> "C143"
  | C144 -> "C144"
  | C145 -> "C145"
  | C146 -> "C146"
  | C147 -> "C147"
  | C148 -> "C148"
  | C149 -> "C149"
  | C150 -> "C150"
  | C151 -> "C151"
  | C152 -> "C152"
  | C153 -> "C153"
  | C154 -> "C154"
  | C155 -> "C155"
  | C156 -> "C156"
  | C157 -> "C157"
  | C158 -> "C158"
  | C159 -> "C159"
  | C160 -> "C160"
  | C161 -> "C161"
  | C162 -> "C162"
  | C163 -> "C163"
  | C164 -> "C164"
  | C165 -> "C165"
  | C166 -> "C166"
  | C167 -> "C167"
  | C168 -> "C168"
  | C169 -> "C169"
  | C170 -> "C170"
  | C171 -> "C171"
  | C172 -> "C172"
  | C173 -> "C173"
  | C174 -> "C174"
  | C175 -> "C175"
  | C176 -> "C176"
  | C177 -> "C177"
  | C178 -> "C178"
  | C179 -> "C179"
  | C180 -> "C180"
  | C181 -> "C181"
  | C182 -> "C182"
  | C183 -> "C183"
  | C184 -> "C184"
  | C185 -> "C185"
  | C186 -> "C186"
  | C187 -> "C187"
  | C188 -> "C188"
  | C189 -> "C189"
  | C190 -> "C190"
  | C191 -> "C191"
  | C192 -> "C192"
  | C193 -> "C193"
  | C194 -> "C194"
  | C195 -> "C195"
  | C196 -> "C196"
  | C197 -> "C197"
  | C198 -> "C198"
  | C199 -> "C199"
  | C200 -> "C200"
  
let test_of_int ?history:(history = []) =
  function
  | 1 -> C1
  | 2 -> C2
  | 3 -> C3
  | 4 -> C4
  | 5 -> C5
  | 6 -> C6
  | 7 -> C7
  | 8 -> C8
  | 9 -> C9
  | 10 -> C10
  | 11 -> C11
  | 12 -> C12
  | 13 -> C13
  | 14 -> C14
  | 15 -> C15
  | 16 -> C16
  | 17 -> C17
  | 18 -> C18
  | 19 -> C19
  | 20 -> C20
  | 21 -> C21
  | 22 -> C22
  | 23 -> C23
  | 24 -> C24
  | 25 -> C25
  | 26 -> C26
  | 27 -> C27
  | 28 -> C28
  | 29 -> C29
  | 30 -> C30
  | 31 -> C31
  | 32 -> C32
  | 33 -> C33
  | 34 -> C34
  | 35 -> C35
  | 36 -> C36
  | 37 -> C37
  | 38 -> C38
  | 39 -> C39
  | 40 -> C40
  | 41 -> C41
  | 42 -> C42
  | 43 -> C43
  | 44 -> C44
  | 45 -> C45
  | 46 -> C46
  | 47 -> C47
  | 48 -> C48
  | 49 -> C49
  | 50 -> C50
  | 51 -> C51
  | 52 -> C52
  | 53 -> C53
  | 54 -> C54
  | 55 -> C55
  | 56 -> C56
  | 57 -> C57
  | 58 -> C58
  | 59 -> C59
  | 60 -> C60
  | 61 -> C61
  | 62 -> C62
  | 63 -> C63
  | 64 -> C64
  | 65 -> C65
  | 66 -> C66
  | 67 -> C67
  | 68 -> C68
  | 69 -> C69
  | 70 -> C70
  | 71 -> C71
  | 72 -> C72
  | 73 -> C73
  | 74 -> C74
  | 75 -> C75
  | 76 -> C76
  | 77 -> C77
  | 78 -> C78
  | 79 -> C79
  | 80 -> C80
  | 81 -> C81
  | 82 -> C82
  | 83 -> C83
  | 84 -> C84
  | 85 -> C85
  | 86 -> C86
  | 87 -> C87
  | 88 -> C88
  | 89 -> C89
  | 90 -> C90
  | 91 -> C91
  | 92 -> C92
  | 93 -> C93
  | 94 -> C94
  | 95 -> C95
  | 96 -> C96
  | 97 -> C97
  | 98 -> C98
  | 99 -> C99
  | 100 -> C100
  | 101 -> C101
  | 102 -> C102
  | 103 -> C103
  | 104 -> C104
  | 105 -> C105
  | 106 -> C106
  | 107 -> C107
  | 108 -> C108
  | 109 -> C109
  | 110 -> C110
  | 111 -> C111
  | 112 -> C112
  | 113 -> C113
  | 114 -> C114
  | 115 -> C115
  | 116 -> C116
  | 117 -> C117
  | 118 -> C118
  | 119 -> C119
  | 120 -> C120
  | 121 -> C121
  | 122 -> C122
  | 123 -> C123
  | 124 -> C124
  | 125 -> C125
  | 126 -> C126
  | 127 -> C127
  | 128 -> C128
  | 129 -> C129
  | 130 -> C130
  | 131 -> C131
  | 132 -> C132
  | 133 -> C133
  | 134 -> C134
  | 135 -> C135
  | 136 -> C136
  | 137 -> C137
  | 138 -> C138
  | 139 -> C139
  | 140 -> C140
  | 141 -> C141
  | 142 -> C142
  | 143 -> C143
  | 144 -> C144
  | 145 -> C145
  | 146 -> C146
  | 147 -> C147
  | 148 -> C148
  | 149 -> C149
  | 150 -> C150
  | 151 -> C151
  | 152 -> C152
  | 153 -> C153
  | 154 -> C154
  | 155 -> C155
  | 156 -> C156
  | 157 -> C157
  | 158 -> C158
  | 159 -> C159
  | 160 -> C160
  | 161 -> C161
  | 162 -> C162
  | 163 -> C163
  | 164 -> C164
  | 165 -> C165
  | 166 -> C166
  | 167 -> C167
  | 168 -> C168
  | 169 -> C169
  | 170 -> C170
  | 171 -> C171
  | 172 -> C172
  | 173 -> C173
  | 174 -> C174
  | 175 -> C175
  | 176 -> C176
  | 177 -> C177
  | 178 -> C178
  | 179 -> C179
  | 180 -> C180
  | 181 -> C181
  | 182 -> C182
  | 183 -> C183
  | 184 -> C184
  | 185 -> C185
  | 186 -> C186
  | 187 -> C187
  | 188 -> C188
  | 189 -> C189
  | 190 -> C190
  | 191 -> C191
  | 192 -> C192
  | 193 -> C193
  | 194 -> C194
  | 195 -> C195
  | 196 -> C196
  | 197 -> C197
  | 198 -> C198
  | 199 -> C199
  | 200 -> C200
  | i -> Parsifal.value_not_in_enum "test" i history
  
let test_of_string =
  function
  | "C1" -> C1
  | "C2" -> C2
  | "C3" -> C3
  | "C4" -> C4
  | "C5" -> C5
  | "C6" -> C6
  | "C7" -> C7
  | "C8" -> C8
  | "C9" -> C9
  | "C10" -> C10
  | "C11" -> C11
  | "C12" -> C12
  | "C13" -> C13
  | "C14" -> C14
  | "C15" -> C15
  | "C16" -> C16
  | "C17" -> C17
  | "C18" -> C18
  | "C19" -> C19
  | "C20" -> C20
  | "C21" -> C21
  | "C22" -> C22
  | "C23" -> C23
  | "C24" -> C24
  | "C25" -> C25
  | "C26" -> C26
  | "C27" -> C27
  | "C28" -> C28
  | "C29" -> C29
  | "C30" -> C30
  | "C31" -> C31
  | "C32" -> C32
  | "C33" -> C33
  | "C34" -> C34
  | "C35" -> C35
  | "C36" -> C36
  | "C37" -> C37
  | "C38" -> C38
  | "C39" -> C39
  | "C40" -> C40
  | "C41" -> C41
  | "C42" -> C42
  | "C43" -> C43
  | "C44" -> C44
  | "C45" -> C45
  | "C46" -> C46
  | "C47" -> C47
  | "C48" -> C48
  | "C49" -> C49
  | "C50" -> C50
  | "C51" -> C51
  | "C52" -> C52
  | "C53" -> C53
  | "C54" -> C54
  | "C55" -> C55
  | "C56" -> C56
  | "C57" -> C57
  | "C58" -> C58
  | "C59" -> C59
  | "C60" -> C60
  | "C61" -> C61
  | "C62" -> C62
  | "C63" -> C63
  | "C64" -> C64
  | "C65" -> C65
  | "C66" -> C66
  | "C67" -> C67
  | "C68" -> C68
  | "C69" -> C69
  | "C70" -> C70
  | "C71" -> C71
  | "C72" -> C72
  | "C73" -> C73
  | "C74" -> C74
  | "C75" -> C75
  | "C76" -> C76
  | "C77" -> C77
  | "C78" -> C78
  | "C79" -> C79
  | "C80" -> C80
  | "C81" -> C81
  | "C82" -> C82
  | "C83" -> C83
  | "C84" -> C84
  | "C85" -> C85
  | "C86" -> C86
  | "C87" -> C87
  | "C88" -> C88
  | "C89" -> C89
  | "C90" -> C90
  | "C91" -> C91
  | "C92" -> C92
  | "C93" -> C93
  | "C94" -> C94
  | "C95" -> C95
  | "C96" -> C96
  | "C97" -> C97
  | "C98" -> C98
  | "C99" -> C99
  | "C100" -> C100
  | "C101" -> C101
  | "C102" -> C102
  | "C103" -> C103
  | "C104" -> C104
  | "C105" -> C105
  | "C106" -> C106
  | "C107" -> C107
  | "C108" -> C108
  | "C109" -> C109
  | "C110" -> C110
  | "C111" -> C111
  | "C112" -> C112
  | "C113" -> C113
  | "C114" -> C114
  | "C115" -> C115
  | "C116" -> C116
  | "C117" -> C117
  | "C118" -> C118
  | "C119" -> C119
  | "C120" -> C120
  | "C121" -> C121
  | "C122" -> C122
  | "C123" -> C123
  | "C124" -> C124
  | "C125" -> C125
  | "C126" -> C126
  | "C127" -> C127
  | "C128" -> C128
  | "C129" -> C129
  | "C130" -> C130
  | "C131" -> C131
  | "C132" -> C132
  | "C133" -> C133
  | "C134" -> C134
  | "C135" -> C135
  | "C136" -> C136
  | "C137" -> C137
  | "C138" -> C138
  | "C139" -> C139
  | "C140" -> C140
  | "C141" -> C141
  | "C142" -> C142
  | "C143" -> C143
  | "C144" -> C144
  | "C145" -> C145
  | "C146" -> C146
  | "C147" -> C147
  | "C148" -> C148
  | "C149" -> C149
  | "C150" -> C150
  | "C151" -> C151
  | "C152" -> C152
  | "C153" -> C153
  | "C154" -> C154
  | "C155" -> C155
  | "C156" -> C156
  | "C157" -> C157
  | "C158" -> C158
  | "C159" -> C159
  | "C160" -> C160
  | "C161" -> C161
  | "C162" -> C162
  | "C163" -> C163
  | "C164" -> C164
  | "C165" -> C165
  | "C166" -> C166
  | "C167" -> C167
  | "C168" -> C168
  | "C169" -> C169
  | "C170" -> C170
  | "C171" -> C171
  | "C172" -> C172
  | "C173" -> C173
  | "C174" -> C174
  | "C175" -> C175
  | "C176" -> C176
  | "C177" -> C177
  | "C178" -> C178
  | "C179" -> C179
  | "C180" -> C180
  | "C181" -> C181
  | "C182" -> C182
  | "C183" -> C183
  | "C184" -> C184
  | "C185" -> C185
  | "C186" -> C186
  | "C187" -> C187
  | "C188" -> C188
  | "C189" -> C189
  | "C190" -> C190
  | "C191" -> C191
  | "C192" -> C192
  | "C193" -> C193
  | "C194" -> C194
  | "C195" -> C195
  | "C196" -> C196
  | "C197" -> C197
  | "C198" -> C198
  | "C199" -> C199
  | "C200" -> C200
  | s -> test_of_int (int_of_string s)
  
let parse_test input = test_of_int (BasePTypes.parse_uint8 input)
  
let dump_test buf test = BasePTypes.dump_uint8 buf (int_of_test test)
  
let value_of_test test =
  Parsifal.value_of_enum string_of_test int_of_test test
  

